0 verbose cli C:\Program Files\nodejs\node.exe C:\Program Files\nodejs\node_modules\npm\bin\npm-cli.js
1 info using npm@11.6.1
2 info using node@v24.11.0
3 silly config load:file:C:\Program Files\nodejs\node_modules\npm\npmrc
4 silly config load:file:D:\new_downloads\websiteshubham\.npmrc
5 silly config load:file:C:\Users\HP\.npmrc
6 silly config load:file:C:\Users\HP\AppData\Roaming\npm\etc\npmrc
7 verbose title npm install
8 verbose argv "install"
9 verbose logfile logs-max:10 dir:D:\new_downloads\websiteshubham\.npm-cache\_logs\2026-06-08T14_15_56_429Z-
10 verbose logfile D:\new_downloads\websiteshubham\.npm-cache\_logs\2026-06-08T14_15_56_429Z-debug-0.log
11 silly logfile start cleaning logs, removing 1 files
12 silly packumentCache heap:4496293888 maxSize:1124073472 maxEntrySize:562036736
13 silly logfile done cleaning log files
14 silly idealTree buildDeps
15 silly fetch manifest tsx@^4.20.6
16 silly packumentCache full:https://registry.npmjs.org/tsx cache-miss
17 http fetch GET 200 https://registry.npmjs.org/tsx 354ms (cache miss)
18 silly packumentCache full:https://registry.npmjs.org/tsx set size:undefined disposed:false
19 silly placeDep ROOT tsx@4.22.4 OK for: off-campus-jobs-india@0.1.0 want: ^4.20.6
20 silly fetch manifest esbuild@~0.28.0
21 silly packumentCache full:https://registry.npmjs.org/esbuild cache-miss
22 silly fetch manifest fsevents@~2.3.3
23 silly packumentCache full:https://registry.npmjs.org/fsevents cache-miss
24 http fetch GET 200 https://registry.npmjs.org/esbuild 179ms (cache miss)
25 silly packumentCache full:https://registry.npmjs.org/esbuild set size:undefined disposed:false
26 http fetch GET 200 https://registry.npmjs.org/fsevents 229ms (cache miss)
27 silly packumentCache full:https://registry.npmjs.org/fsevents set size:undefined disposed:false
28 silly fetch manifest @emnapi/runtime@^1.7.0
29 silly packumentCache full:https://registry.npmjs.org/@emnapi%2fruntime cache-miss
30 http fetch GET 200 https://registry.npmjs.org/@emnapi%2fruntime 122ms (cache revalidated)
31 silly packumentCache full:https://registry.npmjs.org/@emnapi%2fruntime set size:114084 disposed:false
32 silly placeDep ROOT @emnapi/runtime@1.11.0 OK for: @img/sharp-wasm32@0.34.5 want: ^1.7.0
33 silly fetch manifest @emnapi/core@^1.7.1
34 silly packumentCache full:https://registry.npmjs.org/@emnapi%2fcore cache-miss
35 http fetch GET 200 https://registry.npmjs.org/@emnapi%2fcore 65ms (cache revalidated)
36 silly packumentCache full:https://registry.npmjs.org/@emnapi%2fcore set size:112479 disposed:false
37 silly placeDep ROOT @emnapi/core@1.11.0 OK for: @napi-rs/wasm-runtime@1.1.4 want: ^1.7.1
38 silly placeDep ROOT esbuild@0.28.0 OK for: tsx@4.22.4 want: ~0.28.0
39 silly placeDep ROOT fsevents@2.3.3 OK for: tsx@4.22.4 want: ~2.3.3
40 silly fetch manifest @esbuild/aix-ppc64@0.28.0
41 silly packumentCache full:https://registry.npmjs.org/@esbuild%2faix-ppc64 cache-miss
42 silly fetch manifest @esbuild/android-arm@0.28.0
43 silly packumentCache full:https://registry.npmjs.org/@esbuild%2fandroid-arm cache-miss
44 silly fetch manifest @esbuild/android-arm64@0.28.0
45 silly packumentCache full:https://registry.npmjs.org/@esbuild%2fandroid-arm64 cache-miss
46 silly fetch manifest @esbuild/android-x64@0.28.0
47 silly packumentCache full:https://registry.npmjs.org/@esbuild%2fandroid-x64 cache-miss
48 silly fetch manifest @esbuild/darwin-arm64@0.28.0
49 silly packumentCache full:https://registry.npmjs.org/@esbuild%2fdarwin-arm64 cache-miss
50 silly fetch manifest @esbuild/darwin-x64@0.28.0
51 silly packumentCache full:https://registry.npmjs.org/@esbuild%2fdarwin-x64 cache-miss
52 silly fetch manifest @esbuild/freebsd-arm64@0.28.0
53 silly packumentCache full:https://registry.npmjs.org/@esbuild%2ffreebsd-arm64 cache-miss
54 silly fetch manifest @esbuild/freebsd-x64@0.28.0
55 silly packumentCache full:https://registry.npmjs.org/@esbuild%2ffreebsd-x64 cache-miss
56 silly fetch manifest @esbuild/linux-arm@0.28.0
57 silly packumentCache full:https://registry.npmjs.org/@esbuild%2flinux-arm cache-miss
58 silly fetch manifest @esbuild/linux-arm64@0.28.0
59 silly packumentCache full:https://registry.npmjs.org/@esbuild%2flinux-arm64 cache-miss
60 silly fetch manifest @esbuild/linux-ia32@0.28.0
61 silly packumentCache full:https://registry.npmjs.org/@esbuild%2flinux-ia32 cache-miss
62 http fetch GET 200 https://registry.npmjs.org/@esbuild%2faix-ppc64 99ms (cache miss)
63 silly packumentCache full:https://registry.npmjs.org/@esbuild%2faix-ppc64 set size:undefined disposed:false
64 silly fetch manifest @esbuild/linux-loong64@0.28.0
65 silly packumentCache full:https://registry.npmjs.org/@esbuild%2flinux-loong64 cache-miss
66 http fetch GET 200 https://registry.npmjs.org/@esbuild%2flinux-loong64 80ms (cache miss)
67 silly packumentCache full:https://registry.npmjs.org/@esbuild%2flinux-loong64 set size:undefined disposed:false
68 silly fetch manifest @esbuild/linux-mips64el@0.28.0
69 silly packumentCache full:https://registry.npmjs.org/@esbuild%2flinux-mips64el cache-miss
70 http fetch GET 200 https://registry.npmjs.org/@esbuild%2fandroid-x64 243ms (cache miss)
71 silly packumentCache full:https://registry.npmjs.org/@esbuild%2fandroid-x64 set size:undefined disposed:false
72 silly fetch manifest @esbuild/linux-ppc64@0.28.0
73 silly packumentCache full:https://registry.npmjs.org/@esbuild%2flinux-ppc64 cache-miss
74 http fetch GET 200 https://registry.npmjs.org/@esbuild%2fandroid-arm64 251ms (cache miss)
75 silly packumentCache full:https://registry.npmjs.org/@esbuild%2fandroid-arm64 set size:undefined disposed:false
76 silly fetch manifest @esbuild/linux-riscv64@0.28.0
77 silly packumentCache full:https://registry.npmjs.org/@esbuild%2flinux-riscv64 cache-miss
78 http fetch GET 200 https://registry.npmjs.org/@esbuild%2fdarwin-arm64 259ms (cache miss)
79 silly packumentCache full:https://registry.npmjs.org/@esbuild%2fdarwin-arm64 set size:undefined disposed:false
80 silly fetch manifest @esbuild/linux-s390x@0.28.0
81 silly packumentCache full:https://registry.npmjs.org/@esbuild%2flinux-s390x cache-miss
82 http fetch GET 200 https://registry.npmjs.org/@esbuild%2flinux-arm 265ms (cache miss)
83 silly packumentCache full:https://registry.npmjs.org/@esbuild%2flinux-arm set size:undefined disposed:false
84 silly fetch manifest @esbuild/linux-x64@0.28.0
85 silly packumentCache full:https://registry.npmjs.org/@esbuild%2flinux-x64 cache-miss
86 http fetch GET 200 https://registry.npmjs.org/@esbuild%2ffreebsd-x64 273ms (cache miss)
87 silly packumentCache full:https://registry.npmjs.org/@esbuild%2ffreebsd-x64 set size:undefined disposed:false
88 silly fetch manifest @esbuild/netbsd-arm64@0.28.0
89 silly packumentCache full:https://registry.npmjs.org/@esbuild%2fnetbsd-arm64 cache-miss
90 http fetch GET 200 https://registry.npmjs.org/@esbuild%2flinux-arm64 275ms (cache miss)
91 silly packumentCache full:https://registry.npmjs.org/@esbuild%2flinux-arm64 set size:undefined disposed:false
92 silly fetch manifest @esbuild/netbsd-x64@0.28.0
93 silly packumentCache full:https://registry.npmjs.org/@esbuild%2fnetbsd-x64 cache-miss
94 http fetch GET 200 https://registry.npmjs.org/@esbuild%2fdarwin-x64 281ms (cache miss)
95 silly packumentCache full:https://registry.npmjs.org/@esbuild%2fdarwin-x64 set size:undefined disposed:false
96 silly fetch manifest @esbuild/openbsd-arm64@0.28.0
97 silly packumentCache full:https://registry.npmjs.org/@esbuild%2fopenbsd-arm64 cache-miss
98 http fetch GET 200 https://registry.npmjs.org/@esbuild%2flinux-ia32 283ms (cache miss)
99 silly packumentCache full:https://registry.npmjs.org/@esbuild%2flinux-ia32 set size:undefined disposed:false
100 silly fetch manifest @esbuild/openbsd-x64@0.28.0
101 silly packumentCache full:https://registry.npmjs.org/@esbuild%2fopenbsd-x64 cache-miss
102 http fetch GET 200 https://registry.npmjs.org/@esbuild%2flinux-mips64el 113ms (cache miss)
103 silly packumentCache full:https://registry.npmjs.org/@esbuild%2flinux-mips64el set size:undefined disposed:false
104 silly fetch manifest @esbuild/openharmony-arm64@0.28.0
105 silly packumentCache full:https://registry.npmjs.org/@esbuild%2fopenharmony-arm64 cache-miss
106 http fetch GET 200 https://registry.npmjs.org/@esbuild%2fandroid-arm 327ms (cache miss)
107 silly packumentCache full:https://registry.npmjs.org/@esbuild%2fandroid-arm set size:undefined disposed:false
108 silly fetch manifest @esbuild/sunos-x64@0.28.0
109 silly packumentCache full:https://registry.npmjs.org/@esbuild%2fsunos-x64 cache-miss
110 http fetch GET 200 https://registry.npmjs.org/@esbuild%2flinux-ppc64 86ms (cache miss)
111 silly packumentCache full:https://registry.npmjs.org/@esbuild%2flinux-ppc64 set size:undefined disposed:false
112 silly fetch manifest @esbuild/win32-arm64@0.28.0
113 silly packumentCache full:https://registry.npmjs.org/@esbuild%2fwin32-arm64 cache-miss
114 http fetch GET 200 https://registry.npmjs.org/@esbuild%2flinux-x64 76ms (cache miss)
115 silly packumentCache full:https://registry.npmjs.org/@esbuild%2flinux-x64 set size:undefined disposed:false
116 silly fetch manifest @esbuild/win32-ia32@0.28.0
117 silly packumentCache full:https://registry.npmjs.org/@esbuild%2fwin32-ia32 cache-miss
118 http fetch GET 200 https://registry.npmjs.org/@esbuild%2flinux-riscv64 96ms (cache miss)
119 silly packumentCache full:https://registry.npmjs.org/@esbuild%2flinux-riscv64 set size:undefined disposed:false
120 silly fetch manifest @esbuild/win32-x64@0.28.0
121 silly packumentCache full:https://registry.npmjs.org/@esbuild%2fwin32-x64 cache-miss
122 http fetch GET 200 https://registry.npmjs.org/@esbuild%2fopenharmony-arm64 79ms (cache miss)
123 silly packumentCache full:https://registry.npmjs.org/@esbuild%2fopenharmony-arm64 set size:undefined disposed:false
124 http fetch GET 200 https://registry.npmjs.org/@esbuild%2fnetbsd-arm64 101ms (cache miss)
125 silly packumentCache full:https://registry.npmjs.org/@esbuild%2fnetbsd-arm64 set size:undefined disposed:false
126 http fetch GET 200 https://registry.npmjs.org/@esbuild%2fopenbsd-arm64 97ms (cache miss)
127 silly packumentCache full:https://registry.npmjs.org/@esbuild%2fopenbsd-arm64 set size:undefined disposed:false
128 http fetch GET 200 https://registry.npmjs.org/@esbuild%2fnetbsd-x64 111ms (cache miss)
129 silly packumentCache full:https://registry.npmjs.org/@esbuild%2fnetbsd-x64 set size:undefined disposed:false
130 http fetch GET 200 https://registry.npmjs.org/@esbuild%2fopenbsd-x64 106ms (cache miss)
131 silly packumentCache full:https://registry.npmjs.org/@esbuild%2fopenbsd-x64 set size:undefined disposed:false
132 http fetch GET 200 https://registry.npmjs.org/@esbuild%2fsunos-x64 79ms (cache miss)
133 silly packumentCache full:https://registry.npmjs.org/@esbuild%2fsunos-x64 set size:undefined disposed:false
134 http fetch GET 200 https://registry.npmjs.org/@esbuild%2fwin32-arm64 79ms (cache miss)
135 silly packumentCache full:https://registry.npmjs.org/@esbuild%2fwin32-arm64 set size:undefined disposed:false
136 http fetch GET 200 https://registry.npmjs.org/@esbuild%2fwin32-ia32 94ms (cache miss)
137 silly packumentCache full:https://registry.npmjs.org/@esbuild%2fwin32-ia32 set size:undefined disposed:false
138 http fetch GET 200 https://registry.npmjs.org/@esbuild%2ffreebsd-arm64 451ms (cache miss)
139 silly packumentCache full:https://registry.npmjs.org/@esbuild%2ffreebsd-arm64 set size:undefined disposed:false
140 http fetch GET 200 https://registry.npmjs.org/@esbuild%2flinux-s390x 306ms (cache miss)
141 silly packumentCache full:https://registry.npmjs.org/@esbuild%2flinux-s390x set size:undefined disposed:false
142 http fetch GET 200 https://registry.npmjs.org/@esbuild%2fwin32-x64 600ms (cache miss)
143 silly packumentCache full:https://registry.npmjs.org/@esbuild%2fwin32-x64 set size:undefined disposed:false
144 silly placeDep ROOT @esbuild/aix-ppc64@0.28.0 OK for: esbuild@0.28.0 want: 0.28.0
145 silly placeDep ROOT @esbuild/android-arm@0.28.0 OK for: esbuild@0.28.0 want: 0.28.0
146 silly placeDep ROOT @esbuild/android-arm64@0.28.0 OK for: esbuild@0.28.0 want: 0.28.0
147 silly placeDep ROOT @esbuild/android-x64@0.28.0 OK for: esbuild@0.28.0 want: 0.28.0
148 silly placeDep ROOT @esbuild/darwin-arm64@0.28.0 OK for: esbuild@0.28.0 want: 0.28.0
149 silly placeDep ROOT @esbuild/darwin-x64@0.28.0 OK for: esbuild@0.28.0 want: 0.28.0
150 silly placeDep ROOT @esbuild/freebsd-arm64@0.28.0 OK for: esbuild@0.28.0 want: 0.28.0
151 silly placeDep ROOT @esbuild/freebsd-x64@0.28.0 OK for: esbuild@0.28.0 want: 0.28.0
152 silly placeDep ROOT @esbuild/linux-arm@0.28.0 OK for: esbuild@0.28.0 want: 0.28.0
153 silly placeDep ROOT @esbuild/linux-arm64@0.28.0 OK for: esbuild@0.28.0 want: 0.28.0
154 silly placeDep ROOT @esbuild/linux-ia32@0.28.0 OK for: esbuild@0.28.0 want: 0.28.0
155 silly placeDep ROOT @esbuild/linux-loong64@0.28.0 OK for: esbuild@0.28.0 want: 0.28.0
156 silly placeDep ROOT @esbuild/linux-mips64el@0.28.0 OK for: esbuild@0.28.0 want: 0.28.0
157 silly placeDep ROOT @esbuild/linux-ppc64@0.28.0 OK for: esbuild@0.28.0 want: 0.28.0
158 silly placeDep ROOT @esbuild/linux-riscv64@0.28.0 OK for: esbuild@0.28.0 want: 0.28.0
159 silly placeDep ROOT @esbuild/linux-s390x@0.28.0 OK for: esbuild@0.28.0 want: 0.28.0
160 silly placeDep ROOT @esbuild/linux-x64@0.28.0 OK for: esbuild@0.28.0 want: 0.28.0
161 silly placeDep ROOT @esbuild/netbsd-arm64@0.28.0 OK for: esbuild@0.28.0 want: 0.28.0
162 silly placeDep ROOT @esbuild/netbsd-x64@0.28.0 OK for: esbuild@0.28.0 want: 0.28.0
163 silly placeDep ROOT @esbuild/openbsd-arm64@0.28.0 OK for: esbuild@0.28.0 want: 0.28.0
164 silly placeDep ROOT @esbuild/openbsd-x64@0.28.0 OK for: esbuild@0.28.0 want: 0.28.0
165 silly placeDep ROOT @esbuild/openharmony-arm64@0.28.0 OK for: esbuild@0.28.0 want: 0.28.0
166 silly placeDep ROOT @esbuild/sunos-x64@0.28.0 OK for: esbuild@0.28.0 want: 0.28.0
167 silly placeDep ROOT @esbuild/win32-arm64@0.28.0 OK for: esbuild@0.28.0 want: 0.28.0
168 silly placeDep ROOT @esbuild/win32-ia32@0.28.0 OK for: esbuild@0.28.0 want: 0.28.0
169 silly placeDep ROOT @esbuild/win32-x64@0.28.0 OK for: esbuild@0.28.0 want: 0.28.0
170 silly reify moves {}
171 silly audit bulk request {
171 silly audit   '@alloc/quick-lru': [ '5.2.0' ],
171 silly audit   '@emnapi/wasi-threads': [ '1.2.2', '1.2.1' ],
171 silly audit   '@eslint-community/eslint-utils': [ '4.9.1' ],
171 silly audit   'eslint-visitor-keys': [ '3.4.3', '5.0.1', '4.2.1' ],
171 silly audit   '@eslint-community/regexpp': [ '4.12.2' ],
171 silly audit   '@eslint/config-array': [ '0.21.2' ],
171 silly audit   '@eslint/config-helpers': [ '0.4.2' ],
171 silly audit   '@eslint/core': [ '0.17.0' ],
171 silly audit   '@eslint/eslintrc': [ '3.3.5' ],
171 silly audit   '@eslint/js': [ '9.39.4' ],
171 silly audit   '@eslint/object-schema': [ '2.1.7' ],
171 silly audit   '@eslint/plugin-kit': [ '0.4.1' ],
171 silly audit   '@google/generative-ai': [ '0.24.1' ],
171 silly audit   '@humanfs/core': [ '0.19.2' ],
171 silly audit   '@humanfs/node': [ '0.16.8' ],
171 silly audit   '@humanfs/types': [ '0.15.0' ],
171 silly audit   '@humanwhocodes/module-importer': [ '1.0.1' ],
171 silly audit   '@humanwhocodes/retry': [ '0.4.3' ],
171 silly audit   '@img/colour': [ '1.1.0' ],
171 silly audit   '@img/sharp-darwin-arm64': [ '0.34.5' ],
171 silly audit   '@img/sharp-darwin-x64': [ '0.34.5' ],
171 silly audit   '@img/sharp-libvips-darwin-arm64': [ '1.2.4' ],
171 silly audit   '@img/sharp-libvips-darwin-x64': [ '1.2.4' ],
171 silly audit   '@img/sharp-libvips-linux-arm': [ '1.2.4' ],
171 silly audit   '@img/sharp-libvips-linux-arm64': [ '1.2.4' ],
171 silly audit   '@img/sharp-libvips-linux-ppc64': [ '1.2.4' ],
171 silly audit   '@img/sharp-libvips-linux-riscv64': [ '1.2.4' ],
171 silly audit   '@img/sharp-libvips-linux-s390x': [ '1.2.4' ],
171 silly audit   '@img/sharp-libvips-linux-x64': [ '1.2.4' ],
171 silly audit   '@img/sharp-libvips-linuxmusl-arm64': [ '1.2.4' ],
171 silly audit   '@img/sharp-libvips-linuxmusl-x64': [ '1.2.4' ],
171 silly audit   '@img/sharp-linux-arm': [ '0.34.5' ],
171 silly audit   '@img/sharp-linux-arm64': [ '0.34.5' ],
171 silly audit   '@img/sharp-linux-ppc64': [ '0.34.5' ],
171 silly audit   '@img/sharp-linux-riscv64': [ '0.34.5' ],
171 silly audit   '@img/sharp-linux-s390x': [ '0.34.5' ],
171 silly audit   '@img/sharp-linux-x64': [ '0.34.5' ],
171 silly audit   '@img/sharp-linuxmusl-arm64': [ '0.34.5' ],
171 silly audit   '@img/sharp-linuxmusl-x64': [ '0.34.5' ],
171 silly audit   '@img/sharp-wasm32': [ '0.34.5' ],
171 silly audit   '@img/sharp-win32-arm64': [ '0.34.5' ],
171 silly audit   '@img/sharp-win32-ia32': [ '0.34.5' ],
171 silly audit   '@img/sharp-win32-x64': [ '0.34.5' ],
171 silly audit   '@jridgewell/gen-mapping': [ '0.3.13' ],
171 silly audit   '@jridgewell/remapping': [ '2.3.5' ],
171 silly audit   '@jridgewell/resolve-uri': [ '3.1.2' ],
171 silly audit   '@jridgewell/sourcemap-codec': [ '1.5.5' ],
171 silly audit   '@jridgewell/trace-mapping': [ '0.3.31' ],
171 silly audit   '@napi-rs/wasm-runtime': [ '1.1.4' ],
171 silly audit   '@next/env': [ '15.5.19' ],
171 silly audit   '@next/eslint-plugin-next': [ '15.5.19' ],
171 silly audit   '@next/swc-darwin-arm64': [ '15.5.19' ],
171 silly audit   '@next/swc-darwin-x64': [ '15.5.19' ],
171 silly audit   '@next/swc-linux-arm64-gnu': [ '15.5.19' ],
171 silly audit   '@next/swc-linux-arm64-musl': [ '15.5.19' ],
171 silly audit   '@next/swc-linux-x64-gnu': [ '15.5.19' ],
171 silly audit   '@next/swc-linux-x64-musl': [ '15.5.19' ],
171 silly audit   '@next/swc-win32-arm64-msvc': [ '15.5.19' ],
171 silly audit   '@next/swc-win32-x64-msvc': [ '15.5.19' ],
171 silly audit   '@nodelib/fs.scandir': [ '2.1.5' ],
171 silly audit   '@nodelib/fs.stat': [ '2.0.5' ],
171 silly audit   '@nodelib/fs.walk': [ '1.2.8' ],
171 silly audit   '@nolyfill/is-core-module': [ '1.0.39' ],
171 silly audit   '@posthog/core': [ '1.30.10' ],
171 silly audit   '@posthog/types': [ '1.382.0' ],
171 silly audit   '@prisma/client': [ '6.19.3' ],
171 silly audit   '@prisma/config': [ '6.19.3' ],
171 silly audit   '@prisma/debug': [ '6.19.3' ],
171 silly audit   '@prisma/engines': [ '6.19.3' ],
171 silly audit   '@prisma/engines-version': [ '7.1.1-3.c2990dca591cba766e3b7ef5d9e8a84796e47ab7' ],
171 silly audit   '@prisma/fetch-engine': [ '6.19.3' ],
171 silly audit   '@prisma/get-platform': [ '6.19.3' ],
171 silly audit   '@rtsao/scc': [ '1.1.0' ],
171 silly audit   '@rushstack/eslint-patch': [ '1.16.1' ],
171 silly audit   '@standard-schema/spec': [ '1.1.0' ],
171 silly audit   '@supabase/auth-js': [ '2.108.0' ],
171 silly audit   '@supabase/functions-js': [ '2.108.0' ],
171 silly audit   '@supabase/phoenix': [ '0.4.2' ],
171 silly audit   '@supabase/postgrest-js': [ '2.108.0' ],
171 silly audit   '@supabase/realtime-js': [ '2.108.0' ],
171 silly audit   '@supabase/storage-js': [ '2.108.0' ],
171 silly audit   '@supabase/supabase-js': [ '2.108.0' ],
171 silly audit   '@swc/helpers': [ '0.5.15' ],
171 silly audit   '@tailwindcss/node': [ '4.3.0' ],
171 silly audit   '@tailwindcss/oxide': [ '4.3.0' ],
171 silly audit   '@tailwindcss/oxide-android-arm64': [ '4.3.0' ],
171 silly audit   '@tailwindcss/oxide-darwin-arm64': [ '4.3.0' ],
171 silly audit   '@tailwindcss/oxide-darwin-x64': [ '4.3.0' ],
171 silly audit   '@tailwindcss/oxide-freebsd-x64': [ '4.3.0' ],
171 silly audit   '@tailwindcss/oxide-linux-arm-gnueabihf': [ '4.3.0' ],
171 silly audit   '@tailwindcss/oxide-linux-arm64-gnu': [ '4.3.0' ],
171 silly audit   '@tailwindcss/oxide-linux-arm64-musl': [ '4.3.0' ],
171 silly audit   '@tailwindcss/oxide-linux-x64-gnu': [ '4.3.0' ],
171 silly audit   '@tailwindcss/oxide-linux-x64-musl': [ '4.3.0' ],
171 silly audit   '@tailwindcss/oxide-wasm32-wasi': [ '4.3.0' ],
171 silly audit   '@tailwindcss/oxide-win32-arm64-msvc': [ '4.3.0' ],
171 silly audit   '@tailwindcss/oxide-win32-x64-msvc': [ '4.3.0' ],
171 silly audit   '@tailwindcss/postcss': [ '4.3.0' ],
171 silly audit   '@tybys/wasm-util': [ '0.10.2' ],
171 silly audit   '@types/bcryptjs': [ '2.4.6' ],
171 silly audit   '@types/estree': [ '1.0.9' ],
171 silly audit   '@types/json-schema': [ '7.0.15' ],
171 silly audit   '@types/json5': [ '0.0.29' ],
171 silly audit   '@types/node': [ '20.19.42' ],
171 silly audit   '@types/react': [ '19.2.17' ],
171 silly audit   '@types/react-dom': [ '19.2.3' ],
171 silly audit   '@types/trusted-types': [ '2.0.7' ],
171 silly audit   '@typescript-eslint/eslint-plugin': [ '8.60.1' ],
171 silly audit   ignore: [ '7.0.5', '5.3.2' ],
171 silly audit   '@typescript-eslint/parser': [ '8.60.1' ],
171 silly audit   '@typescript-eslint/project-service': [ '8.60.1' ],
171 silly audit   '@typescript-eslint/scope-manager': [ '8.60.1' ],
171 silly audit   '@typescript-eslint/tsconfig-utils': [ '8.60.1' ],
171 silly audit   '@typescript-eslint/type-utils': [ '8.60.1' ],
171 silly audit   '@typescript-eslint/types': [ '8.60.1' ],
171 silly audit   '@typescript-eslint/typescript-estree': [ '8.60.1' ],
171 silly audit   'balanced-match': [ '4.0.4', '1.0.2' ],
171 silly audit   'brace-expansion': [ '5.0.6', '1.1.15' ],
171 silly audit   minimatch: [ '10.2.5', '3.1.5' ],
171 silly audit   '@typescript-eslint/utils': [ '8.60.1' ],
171 silly audit   '@typescript-eslint/visitor-keys': [ '8.60.1' ],
171 silly audit   '@unrs/resolver-binding-android-arm-eabi': [ '1.12.2' ],
171 silly audit   '@unrs/resolver-binding-android-arm64': [ '1.12.2' ],
171 silly audit   '@unrs/resolver-binding-darwin-arm64': [ '1.12.2' ],
171 silly audit   '@unrs/resolver-binding-darwin-x64': [ '1.12.2' ],
171 silly audit   '@unrs/resolver-binding-freebsd-x64': [ '1.12.2' ],
171 silly audit   '@unrs/resolver-binding-linux-arm-gnueabihf': [ '1.12.2' ],
171 silly audit   '@unrs/resolver-binding-linux-arm-musleabihf': [ '1.12.2' ],
171 silly audit   '@unrs/resolver-binding-linux-arm64-gnu': [ '1.12.2' ],
171 silly audit   '@unrs/resolver-binding-linux-arm64-musl': [ '1.12.2' ],
171 silly audit   '@unrs/resolver-binding-linux-loong64-gnu': [ '1.12.2' ],
171 silly audit   '@unrs/resolver-binding-linux-loong64-musl': [ '1.12.2' ],
171 silly audit   '@unrs/resolver-binding-linux-ppc64-gnu': [ '1.12.2' ],
171 silly audit   '@unrs/resolver-binding-linux-riscv64-gnu': [ '1.12.2' ],
171 silly audit   '@unrs/resolver-binding-linux-riscv64-musl': [ '1.12.2' ],
171 silly audit   '@unrs/resolver-binding-linux-s390x-gnu': [ '1.12.2' ],
171 silly audit   '@unrs/resolver-binding-linux-x64-gnu': [ '1.12.2' ],
171 silly audit   '@unrs/resolver-binding-linux-x64-musl': [ '1.12.2' ],
171 silly audit   '@unrs/resolver-binding-openharmony-arm64': [ '1.12.2' ],
171 silly audit   '@unrs/resolver-binding-wasm32-wasi': [ '1.12.2' ],
171 silly audit   '@emnapi/core': [ '1.10.0' ],
171 silly audit   '@emnapi/runtime': [ '1.10.0' ],
171 silly audit   '@unrs/resolver-binding-win32-arm64-msvc': [ '1.12.2' ],
171 silly audit   '@unrs/resolver-binding-win32-ia32-msvc': [ '1.12.2' ],
171 silly audit   '@unrs/resolver-binding-win32-x64-msvc': [ '1.12.2' ],
171 silly audit   acorn: [ '8.16.0' ],
171 silly audit   'acorn-jsx': [ '5.3.2' ],
171 silly audit   ajv: [ '6.15.0' ],
171 silly audit   'ansi-styles': [ '4.3.0' ],
171 silly audit   argparse: [ '2.0.1' ],
171 silly audit   'aria-query': [ '5.3.2' ],
171 silly audit   'array-buffer-byte-length': [ '1.0.2' ],
171 silly audit   'array-includes': [ '3.1.9' ],
171 silly audit   'array.prototype.findlast': [ '1.2.5' ],
171 silly audit   'array.prototype.findlastindex': [ '1.2.6' ],
171 silly audit   'array.prototype.flat': [ '1.3.3' ],
171 silly audit   'array.prototype.flatmap': [ '1.3.3' ],
171 silly audit   'array.prototype.tosorted': [ '1.1.4' ],
171 silly audit   'arraybuffer.prototype.slice': [ '1.0.4' ],
171 silly audit   'ast-types-flow': [ '0.0.8' ],
171 silly audit   'async-function': [ '1.0.0' ],
171 silly audit   'available-typed-arrays': [ '1.0.7' ],
171 silly audit   'axe-core': [ '4.12.0' ],
171 silly audit   'axobject-query': [ '4.1.0' ],
171 silly audit   bcryptjs: [ '3.0.3' ],
171 silly audit   braces: [ '3.0.3' ],
171 silly audit   c12: [ '3.1.0' ],
171 silly audit   'call-bind': [ '1.0.9' ],
171 silly audit   'call-bind-apply-helpers': [ '1.0.2' ],
171 silly audit   'call-bound': [ '1.0.4' ],
171 silly audit   callsites: [ '3.1.0' ],
171 silly audit   'caniuse-lite': [ '1.0.30001797' ],
171 silly audit   chalk: [ '4.1.2' ],
171 silly audit   chokidar: [ '4.0.3' ],
171 silly audit   citty: [ '0.1.6', '0.2.2' ],
171 silly audit   'class-variance-authority': [ '0.7.1' ],
171 silly audit   'client-only': [ '0.0.1' ],
171 silly audit   clsx: [ '2.1.1' ],
171 silly audit   'color-convert': [ '2.0.1' ],
171 silly audit   'color-name': [ '1.1.4' ],
171 silly audit   'concat-map': [ '0.0.1' ],
171 silly audit   confbox: [ '0.2.4' ],
171 silly audit   consola: [ '3.4.2' ],
171 silly audit   'core-js': [ '3.49.0' ],
171 silly audit   'cross-spawn': [ '7.0.6' ],
171 silly audit   csstype: [ '3.2.3' ],
171 silly audit   'damerau-levenshtein': [ '1.0.8' ],
171 silly audit   'data-view-buffer': [ '1.0.2' ],
171 silly audit   'data-view-byte-length': [ '1.0.2' ],
171 silly audit   'data-view-byte-offset': [ '1.0.1' ],
171 silly audit   debug: [ '4.4.3', '3.2.7' ],
171 silly audit   'deep-is': [ '0.1.4' ],
171 silly audit   'deepmerge-ts': [ '7.1.5' ],
171 silly audit   'define-data-property': [ '1.1.4' ],
171 silly audit   'define-properties': [ '1.2.1' ],
171 silly audit   defu: [ '6.1.7' ],
171 silly audit   destr: [ '2.0.5' ],
171 silly audit   'detect-libc': [ '2.1.2' ],
171 silly audit   doctrine: [ '2.1.0' ],
171 silly audit   dompurify: [ '3.4.8' ],
171 silly audit   dotenv: [ '16.6.1' ],
171 silly audit   'dunder-proto': [ '1.0.1' ],
171 silly audit   effect: [ '3.21.0' ],
171 silly audit   'emoji-regex': [ '9.2.2' ],
171 silly audit   empathic: [ '2.0.0' ],
171 silly audit   'enhanced-resolve': [ '5.23.0' ],
171 silly audit   'es-abstract': [ '1.24.2' ],
171 silly audit   'es-define-property': [ '1.0.1' ],
171 silly audit   'es-errors': [ '1.3.0' ],
171 silly audit   'es-iterator-helpers': [ '1.3.2' ],
171 silly audit   'es-object-atoms': [ '1.1.2' ],
171 silly audit   'es-set-tostringtag': [ '2.1.0' ],
171 silly audit   'es-shim-unscopables': [ '1.1.0' ],
171 silly audit   'es-to-primitive': [ '1.3.0' ],
171 silly audit   'escape-string-regexp': [ '4.0.0' ],
171 silly audit   eslint: [ '9.39.4' ],
171 silly audit   'eslint-config-next': [ '15.5.19' ],
171 silly audit   'eslint-import-resolver-node': [ '0.3.10' ],
171 silly audit   'eslint-import-resolver-typescript': [ '3.10.1' ],
171 silly audit   'eslint-module-utils': [ '2.13.0' ],
171 silly audit   'eslint-plugin-import': [ '2.32.0' ],
171 silly audit   semver: [ '6.3.1', '7.8.2' ],
171 silly audit   'eslint-plugin-jsx-a11y': [ '6.10.2' ],
171 silly audit   'eslint-plugin-react': [ '7.37.5' ],
171 silly audit   'eslint-plugin-react-hooks': [ '5.2.0' ],
171 silly audit   'eslint-scope': [ '8.4.0' ],
171 silly audit   espree: [ '10.4.0' ],
171 silly audit   esquery: [ '1.7.0' ],
171 silly audit   esrecurse: [ '4.3.0' ],
171 silly audit   estraverse: [ '5.3.0' ],
171 silly audit   esutils: [ '2.0.3' ],
171 silly audit   exsolve: [ '1.0.8' ],
171 silly audit   'fast-check': [ '3.23.2' ],
171 silly audit   'fast-deep-equal': [ '3.1.3' ],
171 silly audit   'fast-glob': [ '3.3.1' ],
171 silly audit   'glob-parent': [ '5.1.2', '6.0.2' ],
171 silly audit   'fast-json-stable-stringify': [ '2.1.0' ],
171 silly audit   'fast-levenshtein': [ '2.0.6' ],
171 silly audit   fastq: [ '1.20.1' ],
171 silly audit   fflate: [ '0.4.8' ],
171 silly audit   'file-entry-cache': [ '8.0.0' ],
171 silly audit   'fill-range': [ '7.1.1' ],
171 silly audit   'find-up': [ '5.0.0' ],
171 silly audit   'flat-cache': [ '4.0.1' ],
171 silly audit   flatted: [ '3.4.2' ],
171 silly audit   'for-each': [ '0.3.5' ],
171 silly audit   'function-bind': [ '1.1.2' ],
171 silly audit   'function.prototype.name': [ '1.1.8' ],
171 silly audit   'functions-have-names': [ '1.2.3' ],
171 silly audit   'generator-function': [ '2.0.1' ],
171 silly audit   'get-intrinsic': [ '1.3.0' ],
171 silly audit   'get-proto': [ '1.0.1' ],
171 silly audit   'get-symbol-description': [ '1.1.0' ],
171 silly audit   'get-tsconfig': [ '4.14.0' ],
171 silly audit   giget: [ '2.0.0' ],
171 silly audit   globals: [ '14.0.0' ],
171 silly audit   globalthis: [ '1.0.4' ],
171 silly audit   gopd: [ '1.2.0' ],
171 silly audit   'graceful-fs': [ '4.2.11' ],
171 silly audit   'has-bigints': [ '1.1.0' ],
171 silly audit   'has-flag': [ '4.0.0' ],
171 silly audit   'has-property-descriptors': [ '1.0.2' ],
171 silly audit   'has-proto': [ '1.2.0' ],
171 silly audit   'has-symbols': [ '1.1.0' ],
171 silly audit   'has-tostringtag': [ '1.0.2' ],
171 silly audit   hasown: [ '2.0.4' ],
171 silly audit   'iceberg-js': [ '0.8.1' ],
171 silly audit   'import-fresh': [ '3.3.1' ],
171 silly audit   imurmurhash: [ '0.1.4' ],
171 silly audit   'internal-slot': [ '1.1.0' ],
171 silly audit   'is-array-buffer': [ '3.0.5' ],
171 silly audit   'is-async-function': [ '2.1.1' ],
171 silly audit   'is-bigint': [ '1.1.0' ],
171 silly audit   'is-boolean-object': [ '1.2.2' ],
171 silly audit   'is-bun-module': [ '2.0.0' ],
171 silly audit   'is-callable': [ '1.2.7' ],
171 silly audit   'is-core-module': [ '2.16.2' ],
171 silly audit   'is-data-view': [ '1.0.2' ],
171 silly audit   'is-date-object': [ '1.1.0' ],
171 silly audit   'is-extglob': [ '2.1.1' ],
171 silly audit   'is-finalizationregistry': [ '1.1.1' ],
171 silly audit   'is-generator-function': [ '1.1.2' ],
171 silly audit   'is-glob': [ '4.0.3' ],
171 silly audit   'is-map': [ '2.0.3' ],
171 silly audit   'is-negative-zero': [ '2.0.3' ],
171 silly audit   'is-number': [ '7.0.0' ],
171 silly audit   'is-number-object': [ '1.1.1' ],
171 silly audit   'is-regex': [ '1.2.1' ],
171 silly audit   'is-set': [ '2.0.3' ],
171 silly audit   'is-shared-array-buffer': [ '1.0.4' ],
171 silly audit   'is-string': [ '1.1.1' ],
171 silly audit   'is-symbol': [ '1.1.1' ],
171 silly audit   'is-typed-array': [ '1.1.15' ],
171 silly audit   'is-weakmap': [ '2.0.2' ],
171 silly audit   'is-weakref': [ '1.1.1' ],
171 silly audit   'is-weakset': [ '2.0.4' ],
171 silly audit   isarray: [ '2.0.5' ],
171 silly audit   isexe: [ '2.0.0' ],
171 silly audit   'iterator.prototype': [ '1.1.5' ],
171 silly audit   jiti: [ '2.7.0' ],
171 silly audit   jose: [ '6.2.3' ],
171 silly audit   'js-tokens': [ '4.0.0' ],
171 silly audit   'js-yaml': [ '4.2.0' ],
171 silly audit   'json-buffer': [ '3.0.1' ],
171 silly audit   'json-schema-traverse': [ '0.4.1' ],
171 silly audit   'json-stable-stringify-without-jsonify': [ '1.0.1' ],
171 silly audit   json5: [ '1.0.2' ],
171 silly audit   'jsx-ast-utils': [ '3.3.5' ],
171 silly audit   keyv: [ '4.5.4' ],
171 silly audit   'language-subtag-registry': [ '0.3.23' ],
171 silly audit   'language-tags': [ '1.0.9' ],
171 silly audit   levn: [ '0.4.1' ],
171 silly audit   lightningcss: [ '1.32.0' ],
171 silly audit   'lightningcss-android-arm64': [ '1.32.0' ],
171 silly audit   'lightningcss-darwin-arm64': [ '1.32.0' ],
171 silly audit   'lightningcss-darwin-x64': [ '1.32.0' ],
171 silly audit   'lightningcss-freebsd-x64': [ '1.32.0' ],
171 silly audit   'lightningcss-linux-arm-gnueabihf': [ '1.32.0' ],
171 silly audit   'lightningcss-linux-arm64-gnu': [ '1.32.0' ],
171 silly audit   'lightningcss-linux-arm64-musl': [ '1.32.0' ],
171 silly audit   'lightningcss-linux-x64-gnu': [ '1.32.0' ],
171 silly audit   'lightningcss-linux-x64-musl': [ '1.32.0' ],
171 silly audit   'lightningcss-win32-arm64-msvc': [ '1.32.0' ],
171 silly audit   'lightningcss-win32-x64-msvc': [ '1.32.0' ],
171 silly audit   'locate-path': [ '6.0.0' ],
171 silly audit   'lodash.merge': [ '4.6.2' ],
171 silly audit   'loose-envify': [ '1.4.0' ],
171 silly audit   'lucide-react': [ '1.17.0' ],
171 silly audit   'magic-string': [ '0.30.21' ],
171 silly audit   'math-intrinsics': [ '1.1.0' ],
171 silly audit   merge2: [ '1.4.1' ],
171 silly audit   micromatch: [ '4.0.8' ],
171 silly audit   minimist: [ '1.2.8' ],
171 silly audit   ms: [ '2.1.3' ],
171 silly audit   nanoid: [ '3.3.12' ],
171 silly audit   'napi-postinstall': [ '0.3.4' ],
171 silly audit   'natural-compare': [ '1.4.0' ],
171 silly audit   next: [ '15.5.19' ],
171 silly audit   'next-themes': [ '0.4.6' ],
171 silly audit   'node-exports-info': [ '1.6.0' ],
171 silly audit   'node-fetch-native': [ '1.6.7' ],
171 silly audit   nypm: [ '0.6.6' ],
171 silly audit   'object-assign': [ '4.1.1' ],
171 silly audit   'object-inspect': [ '1.13.4' ],
171 silly audit   'object-keys': [ '1.1.1' ],
171 silly audit   'object.assign': [ '4.1.7' ],
171 silly audit   'object.entries': [ '1.1.9' ],
171 silly audit   'object.fromentries': [ '2.0.8' ],
171 silly audit   'object.groupby': [ '1.0.3' ],
171 silly audit   'object.values': [ '1.2.1' ],
171 silly audit   ohash: [ '2.0.11' ],
171 silly audit   optionator: [ '0.9.4' ],
171 silly audit   'own-keys': [ '1.0.1' ],
171 silly audit   'p-limit': [ '3.1.0' ],
171 silly audit   'p-locate': [ '5.0.0' ],
171 silly audit   'parent-module': [ '1.0.1' ],
171 silly audit   'path-exists': [ '4.0.0' ],
171 silly audit   'path-key': [ '3.1.1' ],
171 silly audit   'path-parse': [ '1.0.7' ],
171 silly audit   pathe: [ '2.0.3' ],
171 silly audit   'perfect-debounce': [ '1.0.0' ],
171 silly audit   picocolors: [ '1.1.1' ],
171 silly audit   picomatch: [ '2.3.2', '4.0.4' ],
171 silly audit   'pkg-types': [ '2.3.1' ],
171 silly audit   'possible-typed-array-names': [ '1.1.0' ],
171 silly audit   postcss: [ '8.5.15' ],
171 silly audit   'posthog-js': [ '1.382.0' ],
171 silly audit   preact: [ '10.29.2' ],
171 silly audit   'prelude-ls': [ '1.2.1' ],
171 silly audit   prisma: [ '6.19.3' ],
171 silly audit   'prop-types': [ '15.8.1' ],
171 silly audit   punycode: [ '2.3.1' ],
171 silly audit   'pure-rand': [ '6.1.0' ],
171 silly audit   'query-selector-shadow-dom': [ '1.0.1' ],
171 silly audit   'queue-microtask': [ '1.2.3' ],
171 silly audit   rc9: [ '2.1.2' ],
171 silly audit   react: [ '19.2.4' ],
171 silly audit   'react-dom': [ '19.2.4' ],
171 silly audit   'react-is': [ '16.13.1' ],
171 silly audit   readdirp: [ '4.1.2' ],
171 silly audit   'reflect.getprototypeof': [ '1.0.10' ],
171 silly audit   'regexp.prototype.flags': [ '1.5.4' ],
171 silly audit   resolve: [ '2.0.0-next.7' ],
171 silly audit   'resolve-from': [ '4.0.0' ],
171 silly audit   'resolve-pkg-maps': [ '1.0.0' ],
171 silly audit   reusify: [ '1.1.0' ],
171 silly audit   'run-parallel': [ '1.2.0' ],
171 silly audit   'safe-array-concat': [ '1.1.4' ],
171 silly audit   'safe-push-apply': [ '1.0.0' ],
171 silly audit   'safe-regex-test': [ '1.1.0' ],
171 silly audit   scheduler: [ '0.27.0' ],
171 silly audit   'set-function-length': [ '1.2.2' ],
171 silly audit   'set-function-name': [ '2.0.2' ],
171 silly audit   'set-proto': [ '1.0.0' ],
171 silly audit   sharp: [ '0.34.5' ],
171 silly audit   'shebang-command': [ '2.0.0' ],
171 silly audit   'shebang-regex': [ '3.0.0' ],
171 silly audit   'side-channel': [ '1.1.0' ],
171 silly audit   'side-channel-list': [ '1.0.1' ],
171 silly audit   'side-channel-map': [ '1.0.1' ],
171 silly audit   'side-channel-weakmap': [ '1.0.2' ],
171 silly audit   'source-map-js': [ '1.2.1' ],
171 silly audit   'stable-hash': [ '0.0.5' ],
171 silly audit   'stop-iteration-iterator': [ '1.1.0' ],
171 silly audit   'string.prototype.includes': [ '2.0.1' ],
171 silly audit   'string.prototype.matchall': [ '4.0.12' ],
171 silly audit   'string.prototype.repeat': [ '1.0.0' ],
171 silly audit   'string.prototype.trim': [ '1.2.11' ],
171 silly audit   'string.prototype.trimend': [ '1.0.10' ],
171 silly audit   'string.prototype.trimstart': [ '1.0.8' ],
171 silly audit   'strip-bom': [ '3.0.0' ],
171 silly audit   'strip-json-comments': [ '3.1.1' ],
171 silly audit   'styled-jsx': [ '5.1.6' ],
171 silly audit   'supports-color': [ '7.2.0' ],
171 silly audit   'supports-preserve-symlinks-flag': [ '1.0.0' ],
171 silly audit   'tailwind-merge': [ '3.6.0' ],
171 silly audit   tailwindcss: [ '4.3.0' ],
171 silly audit   tapable: [ '2.3.3' ],
171 silly audit   tinyexec: [ '1.2.4' ],
171 silly audit   tinyglobby: [ '0.2.17' ],
171 silly audit   fdir: [ '6.5.0' ],
171 silly audit   'to-regex-range': [ '5.0.1' ],
171 silly audit   'ts-api-utils': [ '2.5.0' ],
171 silly audit   'tsconfig-paths': [ '3.15.0' ],
171 silly audit   tslib: [ '2.8.1' ],
171 silly audit   'type-check': [ '0.4.0' ],
171 silly audit   'typed-array-buffer': [ '1.0.3' ],
171 silly audit   'typed-array-byte-length': [ '1.0.3' ],
171 silly audit   'typed-array-byte-offset': [ '1.0.4' ],
171 silly audit   'typed-array-length': [ '1.0.8' ],
171 silly audit   typescript: [ '5.9.3' ],
171 silly audit   'unbox-primitive': [ '1.1.0' ],
171 silly audit   'undici-types': [ '6.21.0' ],
171 silly audit   'unrs-resolver': [ '1.12.2' ],
171 silly audit   'uri-js': [ '4.4.1' ],
171 silly audit   'web-vitals': [ '5.3.0' ],
171 silly audit   which: [ '2.0.2' ],
171 silly audit   'which-boxed-primitive': [ '1.1.1' ],
171 silly audit   'which-builtin-type': [ '1.2.1' ],
171 silly audit   'which-collection': [ '1.0.2' ],
171 silly audit   'which-typed-array': [ '1.1.22' ],
171 silly audit   'word-wrap': [ '1.2.5' ],
171 silly audit   'yocto-queue': [ '0.1.0' ],
171 silly audit   zod: [ '4.4.3' ],
171 silly audit   tsx: [ '4.22.4' ],
171 silly audit   esbuild: [ '0.28.0' ],
171 silly audit   fsevents: [ '2.3.3' ],
171 silly audit   '@esbuild/aix-ppc64': [ '0.28.0' ],
171 silly audit   '@esbuild/android-arm': [ '0.28.0' ],
171 silly audit   '@esbuild/android-arm64': [ '0.28.0' ],
171 silly audit   '@esbuild/android-x64': [ '0.28.0' ],
171 silly audit   '@esbuild/darwin-arm64': [ '0.28.0' ],
171 silly audit   '@esbuild/darwin-x64': [ '0.28.0' ],
171 silly audit   '@esbuild/freebsd-arm64': [ '0.28.0' ],
171 silly audit   '@esbuild/freebsd-x64': [ '0.28.0' ],
171 silly audit   '@esbuild/linux-arm': [ '0.28.0' ],
171 silly audit   '@esbuild/linux-arm64': [ '0.28.0' ],
171 silly audit   '@esbuild/linux-ia32': [ '0.28.0' ],
171 silly audit   '@esbuild/linux-loong64': [ '0.28.0' ],
171 silly audit   '@esbuild/linux-mips64el': [ '0.28.0' ],
171 silly audit   '@esbuild/linux-ppc64': [ '0.28.0' ],
171 silly audit   '@esbuild/linux-riscv64': [ '0.28.0' ],
171 silly audit   '@esbuild/linux-s390x': [ '0.28.0' ],
171 silly audit   '@esbuild/linux-x64': [ '0.28.0' ],
171 silly audit   '@esbuild/netbsd-arm64': [ '0.28.0' ],
171 silly audit   '@esbuild/netbsd-x64': [ '0.28.0' ],
171 silly audit   '@esbuild/openbsd-arm64': [ '0.28.0' ],
171 silly audit   '@esbuild/openbsd-x64': [ '0.28.0' ],
171 silly audit   '@esbuild/openharmony-arm64': [ '0.28.0' ],
171 silly audit   '@esbuild/sunos-x64': [ '0.28.0' ],
171 silly audit   '@esbuild/win32-arm64': [ '0.28.0' ],
171 silly audit   '@esbuild/win32-ia32': [ '0.28.0' ],
171 silly audit   '@esbuild/win32-x64': [ '0.28.0' ]
171 silly audit }
172 verbose reify failed optional dependency D:\new_downloads\websiteshubham\node_modules\@esbuild\win32-ia32
173 silly reify mark deleted [
173 silly reify   'D:\\new_downloads\\websiteshubham\\node_modules\\@esbuild\\win32-ia32'
173 silly reify ]
174 verbose reify failed optional dependency D:\new_downloads\websiteshubham\node_modules\@esbuild\win32-arm64
175 silly reify mark deleted [
175 silly reify   'D:\\new_downloads\\websiteshubham\\node_modules\\@esbuild\\win32-arm64'
175 silly reify ]
176 verbose reify failed optional dependency D:\new_downloads\websiteshubham\node_modules\@esbuild\sunos-x64
177 silly reify mark deleted [
177 silly reify   'D:\\new_downloads\\websiteshubham\\node_modules\\@esbuild\\sunos-x64'
177 silly reify ]
178 verbose reify failed optional dependency D:\new_downloads\websiteshubham\node_modules\@esbuild\openharmony-arm64
179 silly reify mark deleted [
179 silly reify   'D:\\new_downloads\\websiteshubham\\node_modules\\@esbuild\\openharmony-arm64'
179 silly reify ]
180 verbose reify failed optional dependency D:\new_downloads\websiteshubham\node_modules\@esbuild\openbsd-x64
181 silly reify mark deleted [
181 silly reify   'D:\\new_downloads\\websiteshubham\\node_modules\\@esbuild\\openbsd-x64'
181 silly reify ]
182 verbose reify failed optional dependency D:\new_downloads\websiteshubham\node_modules\@esbuild\openbsd-arm64
183 silly reify mark deleted [
183 silly reify   'D:\\new_downloads\\websiteshubham\\node_modules\\@esbuild\\openbsd-arm64'
183 silly reify ]
184 verbose reify failed optional dependency D:\new_downloads\websiteshubham\node_modules\@esbuild\netbsd-x64
185 silly reify mark deleted [
185 silly reify   'D:\\new_downloads\\websiteshubham\\node_modules\\@esbuild\\netbsd-x64'
185 silly reify ]
186 verbose reify failed optional dependency D:\new_downloads\websiteshubham\node_modules\@esbuild\netbsd-arm64
187 silly reify mark deleted [
187 silly reify   'D:\\new_downloads\\websiteshubham\\node_modules\\@esbuild\\netbsd-arm64'
187 silly reify ]
188 verbose reify failed optional dependency D:\new_downloads\websiteshubham\node_modules\@esbuild\linux-x64
189 silly reify mark deleted [
189 silly reify   'D:\\new_downloads\\websiteshubham\\node_modules\\@esbuild\\linux-x64'
189 silly reify ]
190 verbose reify failed optional dependency D:\new_downloads\websiteshubham\node_modules\@esbuild\linux-s390x
191 silly reify mark deleted [
191 silly reify   'D:\\new_downloads\\websiteshubham\\node_modules\\@esbuild\\linux-s390x'
191 silly reify ]
192 verbose reify failed optional dependency D:\new_downloads\websiteshubham\node_modules\@esbuild\linux-riscv64
193 silly reify mark deleted [
193 silly reify   'D:\\new_downloads\\websiteshubham\\node_modules\\@esbuild\\linux-riscv64'
193 silly reify ]
194 verbose reify failed optional dependency D:\new_downloads\websiteshubham\node_modules\@esbuild\linux-ppc64
195 silly reify mark deleted [
195 silly reify   'D:\\new_downloads\\websiteshubham\\node_modules\\@esbuild\\linux-ppc64'
195 silly reify ]
196 verbose reify failed optional dependency D:\new_downloads\websiteshubham\node_modules\@esbuild\linux-mips64el
197 silly reify mark deleted [
197 silly reify   'D:\\new_downloads\\websiteshubham\\node_modules\\@esbuild\\linux-mips64el'
197 silly reify ]
198 verbose reify failed optional dependency D:\new_downloads\websiteshubham\node_modules\@esbuild\linux-loong64
199 silly reify mark deleted [
199 silly reify   'D:\\new_downloads\\websiteshubham\\node_modules\\@esbuild\\linux-loong64'
199 silly reify ]
200 verbose reify failed optional dependency D:\new_downloads\websiteshubham\node_modules\@esbuild\linux-ia32
201 silly reify mark deleted [
201 silly reify   'D:\\new_downloads\\websiteshubham\\node_modules\\@esbuild\\linux-ia32'
201 silly reify ]
202 verbose reify failed optional dependency D:\new_downloads\websiteshubham\node_modules\@esbuild\linux-arm64
203 silly reify mark deleted [
203 silly reify   'D:\\new_downloads\\websiteshubham\\node_modules\\@esbuild\\linux-arm64'
203 silly reify ]
204 verbose reify failed optional dependency D:\new_downloads\websiteshubham\node_modules\@esbuild\linux-arm
205 silly reify mark deleted [
205 silly reify   'D:\\new_downloads\\websiteshubham\\node_modules\\@esbuild\\linux-arm'
205 silly reify ]
206 verbose reify failed optional dependency D:\new_downloads\websiteshubham\node_modules\@esbuild\freebsd-x64
207 silly reify mark deleted [
207 silly reify   'D:\\new_downloads\\websiteshubham\\node_modules\\@esbuild\\freebsd-x64'
207 silly reify ]
208 verbose reify failed optional dependency D:\new_downloads\websiteshubham\node_modules\@esbuild\freebsd-arm64
209 silly reify mark deleted [
209 silly reify   'D:\\new_downloads\\websiteshubham\\node_modules\\@esbuild\\freebsd-arm64'
209 silly reify ]
210 verbose reify failed optional dependency D:\new_downloads\websiteshubham\node_modules\@esbuild\darwin-x64
211 silly reify mark deleted [
211 silly reify   'D:\\new_downloads\\websiteshubham\\node_modules\\@esbuild\\darwin-x64'
211 silly reify ]
212 verbose reify failed optional dependency D:\new_downloads\websiteshubham\node_modules\@esbuild\darwin-arm64
213 silly reify mark deleted [
213 silly reify   'D:\\new_downloads\\websiteshubham\\node_modules\\@esbuild\\darwin-arm64'
213 silly reify ]
214 verbose reify failed optional dependency D:\new_downloads\websiteshubham\node_modules\@esbuild\android-x64
215 silly reify mark deleted [
215 silly reify   'D:\\new_downloads\\websiteshubham\\node_modules\\@esbuild\\android-x64'
215 silly reify ]
216 verbose reify failed optional dependency D:\new_downloads\websiteshubham\node_modules\@esbuild\android-arm64
217 silly reify mark deleted [
217 silly reify   'D:\\new_downloads\\websiteshubham\\node_modules\\@esbuild\\android-arm64'
217 silly reify ]
218 verbose reify failed optional dependency D:\new_downloads\websiteshubham\node_modules\@esbuild\android-arm
219 silly reify mark deleted [
219 silly reify   'D:\\new_downloads\\websiteshubham\\node_modules\\@esbuild\\android-arm'
219 silly reify ]
220 verbose reify failed optional dependency D:\new_downloads\websiteshubham\node_modules\@esbuild\aix-ppc64
221 silly reify mark deleted [
221 silly reify   'D:\\new_downloads\\websiteshubham\\node_modules\\@esbuild\\aix-ppc64'
221 silly reify ]
222 verbose reify failed optional dependency D:\new_downloads\websiteshubham\node_modules\fsevents
223 silly reify mark deleted [ 'D:\\new_downloads\\websiteshubham\\node_modules\\fsevents' ]
224 http cache esbuild@https://registry.npmjs.org/esbuild/-/esbuild-0.28.0.tgz 0ms (cache hit)
225 http cache tsx@https://registry.npmjs.org/tsx/-/tsx-4.22.4.tgz 0ms (cache hit)
226 http cache @esbuild/win32-x64@https://registry.npmjs.org/@esbuild/win32-x64/-/win32-x64-0.28.0.tgz 0ms (cache hit)
227 silly tarball no local data for esbuild@https://registry.npmjs.org/esbuild/-/esbuild-0.28.0.tgz. Extracting by manifest.
228 silly tarball no local data for tsx@https://registry.npmjs.org/tsx/-/tsx-4.22.4.tgz. Extracting by manifest.
229 silly tarball no local data for @esbuild/win32-x64@https://registry.npmjs.org/@esbuild/win32-x64/-/win32-x64-0.28.0.tgz. Extracting by manifest.
230 http fetch GET 200 https://registry.npmjs.org/esbuild/-/esbuild-0.28.0.tgz 250ms (cache miss)
231 http fetch POST 200 https://registry.npmjs.org/-/npm/v1/security/advisories/bulk 556ms
232 silly audit report {}
233 http fetch GET 200 https://registry.npmjs.org/tsx/-/tsx-4.22.4.tgz 592ms (cache miss)
234 http fetch GET 200 https://registry.npmjs.org/@esbuild/win32-x64/-/win32-x64-0.28.0.tgz 920ms (cache miss)
235 info run esbuild@0.28.0 postinstall node_modules/esbuild node install.js
236 info run esbuild@0.28.0 postinstall { code: 0, signal: null }
237 silly ADD node_modules/@esbuild/win32-x64
238 silly ADD node_modules/@esbuild/win32-ia32
239 silly ADD node_modules/@esbuild/win32-arm64
240 silly ADD node_modules/@esbuild/sunos-x64
241 silly ADD node_modules/@esbuild/openharmony-arm64
242 silly ADD node_modules/@esbuild/openbsd-x64
243 silly ADD node_modules/@esbuild/openbsd-arm64
244 silly ADD node_modules/@esbuild/netbsd-x64
245 silly ADD node_modules/@esbuild/netbsd-arm64
246 silly ADD node_modules/@esbuild/linux-x64
247 silly ADD node_modules/@esbuild/linux-s390x
248 silly ADD node_modules/@esbuild/linux-riscv64
249 silly ADD node_modules/@esbuild/linux-ppc64
250 silly ADD node_modules/@esbuild/linux-mips64el
251 silly ADD node_modules/@esbuild/linux-loong64
252 silly ADD node_modules/@esbuild/linux-ia32
253 silly ADD node_modules/@esbuild/linux-arm64
254 silly ADD node_modules/@esbuild/linux-arm
255 silly ADD node_modules/@esbuild/freebsd-x64
256 silly ADD node_modules/@esbuild/freebsd-arm64
257 silly ADD node_modules/@esbuild/darwin-x64
258 silly ADD node_modules/@esbuild/darwin-arm64
259 silly ADD node_modules/@esbuild/android-x64
260 silly ADD node_modules/@esbuild/android-arm64
261 silly ADD node_modules/@esbuild/android-arm
262 silly ADD node_modules/@esbuild/aix-ppc64
263 silly ADD node_modules/fsevents
264 silly ADD node_modules/esbuild
265 silly ADD node_modules/tsx
266 verbose cwd D:\new_downloads\websiteshubham
267 verbose os Windows_NT 10.0.22631
268 verbose node v24.11.0
269 verbose npm  v11.6.1
270 verbose exit 0
271 info ok
